<?xml version="1.0" encoding="UTF-8"?>
<!-- Generated by org.testng.reporters.JUnitXMLReporter -->
<testsuite ignored="11" hostname="Aman-PC01" failures="0" tests="1" name="Default test" time="0.86" errors="0" timestamp="2023-11-07T00:12:43 EST">
  <testcase classname="com.naveenautomation.pagetest.AccountPageTest" name="@BeforeMethod launchBrowser" time="0.658">
    <failure type="java.lang.NoSuchMethodError" message="&amp;apos;com.google.common.collect.ImmutableMap com.google.common.collect.ImmutableMap.of(java.lang.Object, java.lang.Object, java.lang.Object, java.lang.Object, java.lang.Object, java.lang.Object, java.lang.Object, java.lang.Object, java.lang.Object, java.lang.Object, java.lang.Object, java.lang.Object)&amp;apos;">
      <![CDATA[java.lang.NoSuchMethodError: 'com.google.common.collect.ImmutableMap com.google.common.collect.ImmutableMap.of(java.lang.Object, java.lang.Object, java.lang.Object, java.lang.Object, java.lang.Object, java.lang.Object, java.lang.Object, java.lang.Object, java.lang.Object, java.lang.Object, java.lang.Object, java.lang.Object)'
at org.openqa.selenium.chrome.AddHasCasting.getAdditionalCommands(AddHasCasting.java:37)
at org.openqa.selenium.chrome.ChromeDriver$ChromeDriverCommandExecutor.getExtraCommands(ChromeDriver.java:120)
at org.openqa.selenium.chrome.ChromeDriver$ChromeDriverCommandExecutor.<init>(ChromeDriver.java:115)
at org.openqa.selenium.chrome.ChromeDriver.generateExecutor(ChromeDriver.java:105)
at org.openqa.selenium.chrome.ChromeDriver.<init>(ChromeDriver.java:88)
at org.openqa.selenium.chrome.ChromeDriver.<init>(ChromeDriver.java:83)
at org.openqa.selenium.chrome.ChromeDriver.<init>(ChromeDriver.java:51)
at com.naveenautomation.base.TestBase.initialisation(TestBase.java:57)
at com.naveenautomation.pagetest.AccountPageTest.launchBrowser(AccountPageTest.java:56)
at java.base/jdk.internal.reflect.NativeMethodAccessorImpl.invoke0(Native Method)
at java.base/jdk.internal.reflect.NativeMethodAccessorImpl.invoke(NativeMethodAccessorImpl.java:77)
at java.base/jdk.internal.reflect.DelegatingMethodAccessorImpl.invoke(DelegatingMethodAccessorImpl.java:43)
at java.base/java.lang.reflect.Method.invoke(Method.java:568)
at org.testng.internal.MethodInvocationHelper.invokeMethod(MethodInvocationHelper.java:132)
at org.testng.internal.MethodInvocationHelper.invokeMethodConsideringTimeout(MethodInvocationHelper.java:61)
at org.testng.internal.ConfigInvoker.invokeConfigurationMethod(ConfigInvoker.java:366)
at org.testng.internal.ConfigInvoker.invokeConfigurations(ConfigInvoker.java:320)
at org.testng.internal.TestInvoker.runConfigMethods(TestInvoker.java:701)
at org.testng.internal.TestInvoker.invokeMethod(TestInvoker.java:527)
at org.testng.internal.TestInvoker.invokeTestMethod(TestInvoker.java:174)
at org.testng.internal.MethodRunner.runInSequence(MethodRunner.java:46)
at org.testng.internal.TestInvoker$MethodInvocationAgent.invoke(TestInvoker.java:822)
at org.testng.internal.TestInvoker.invokeTestMethods(TestInvoker.java:147)
at org.testng.internal.TestMethodWorker.invokeTestMethods(TestMethodWorker.java:146)
at org.testng.internal.TestMethodWorker.run(TestMethodWorker.java:128)
at java.base/java.util.ArrayList.forEach(ArrayList.java:1511)
at org.testng.TestRunner.privateRun(TestRunner.java:764)
at org.testng.TestRunner.run(TestRunner.java:585)
at org.testng.SuiteRunner.runTest(SuiteRunner.java:384)
at org.testng.SuiteRunner.runSequentially(SuiteRunner.java:378)
at org.testng.SuiteRunner.privateRun(SuiteRunner.java:337)
at org.testng.SuiteRunner.run(SuiteRunner.java:286)
at org.testng.SuiteRunnerWorker.runSuite(SuiteRunnerWorker.java:53)
at org.testng.SuiteRunnerWorker.run(SuiteRunnerWorker.java:96)
at org.testng.TestNG.runSuitesSequentially(TestNG.java:1218)
at org.testng.TestNG.runSuitesLocally(TestNG.java:1140)
at org.testng.TestNG.runSuites(TestNG.java:1069)
at org.testng.TestNG.run(TestNG.java:1037)
at org.testng.remote.AbstractRemoteTestNG.run(AbstractRemoteTestNG.java:115)
at org.testng.remote.RemoteTestNG.initAndRun(RemoteTestNG.java:251)
at org.testng.remote.RemoteTestNG.main(RemoteTestNG.java:77)
]]>
    </failure>
  </testcase> <!-- @BeforeMethod launchBrowser -->
  <testcase classname="com.naveenautomation.pagetest.AccountPageTest" name="@AfterMethod quitBrowser" time="-1.699333963015E9">
    <skipped/>
  </testcase> <!-- @AfterMethod quitBrowser -->
  <testcase classname="com.naveenautomation.pagetest.AccountPageTest" name="validateIfUserCanSeeRecurringPayments" time="0.0">
    <skipped/>
  </testcase> <!-- validateIfUserCanSeeRecurringPayments -->
  <testcase classname="com.naveenautomation.pagetest.AccountPageTest" name="validateIfUserCanSeeReturns" time="0.0">
    <ignored/>
  </testcase> <!-- validateIfUserCanSeeReturns -->
  <testcase classname="com.naveenautomation.pagetest.AccountPageTest" name="validateUserCanUpdatePersonalInfo" time="0.0">
    <ignored/>
  </testcase> <!-- validateUserCanUpdatePersonalInfo -->
  <testcase classname="com.naveenautomation.pagetest.AccountPageTest" name="validateRegistrationWithMultipleUsers" time="0.0">
    <ignored/>
  </testcase> <!-- validateRegistrationWithMultipleUsers -->
  <testcase classname="com.naveenautomation.pagetest.AccountPageTest" name="validateIfProductsAreAddedToTheWishList" time="0.0">
    <ignored/>
  </testcase> <!-- validateIfProductsAreAddedToTheWishList -->
  <testcase classname="com.naveenautomation.pagetest.AccountPageTest" name="validateIfUserCanViewTheOrderPlaced" time="0.0">
    <ignored/>
  </testcase> <!-- validateIfUserCanViewTheOrderPlaced -->
  <testcase classname="com.naveenautomation.pagetest.AccountPageTest" name="validateSubscribeOption" time="0.0">
    <ignored/>
  </testcase> <!-- validateSubscribeOption -->
  <testcase classname="com.naveenautomation.pagetest.AccountPageTest" name="validateIfUserCanSeeTransactions" time="0.0">
    <ignored/>
  </testcase> <!-- validateIfUserCanSeeTransactions -->
  <testcase classname="com.naveenautomation.pagetest.AccountPageTest" name="validateIfUserCanCheckOrderHistory" time="0.0">
    <ignored/>
  </testcase> <!-- validateIfUserCanCheckOrderHistory -->
  <testcase classname="com.naveenautomation.pagetest.AccountPageTest" name="validateIfUserCanSeeDownloads" time="0.0">
    <ignored/>
  </testcase> <!-- validateIfUserCanSeeDownloads -->
  <testcase classname="com.naveenautomation.pagetest.AccountPageTest" name="validateIfUserCanSeeRewardPoints" time="0.0">
    <ignored/>
  </testcase> <!-- validateIfUserCanSeeRewardPoints -->
  <testcase classname="com.naveenautomation.pagetest.AccountPageTest" name="validateIfUserCanChangeThePassword" time="0.0">
    <ignored/>
  </testcase> <!-- validateIfUserCanChangeThePassword -->
</testsuite> <!-- Default test -->
